#
# There is insufficient memory for the Java Runtime Environment to continue.
# Native memory allocation (mmap) failed to map 127926272 bytes for Failed to commit area from 0x0000000087e00000 to 0x000000008f800000 of length 127926272.
# Possible reasons:
#   The system is out of physical RAM or swap space
#   The process is running with CompressedOops enabled, and the Java Heap may be blocking the growth of the native heap
# Possible solutions:
#   Reduce memory load on the system
#   Increase physical memory or swap space
#   Check if swap backing store is full
#   Decrease Java heap size (-Xmx/-Xms)
#   Decrease number of Java threads
#   Decrease Java thread stack sizes (-Xss)
#   Set larger code cache with -XX:ReservedCodeCacheSize=
# This output file may be truncated or incomplete.
#
#  Out of Memory Error (./src/hotspot/os/windows/os_windows.cpp:3301), pid=11276, tid=8664
#
# JRE version:  (11.0.10+9) (build )
# Java VM: Dynamic Code Evolution 64-Bit Server VM (11.0.10+9-b1341.41, mixed mode, sharing, tiered, compressed oops, g1 gc, windows-amd64)
# No core dump will be written. Minidumps are not enabled by default on client versions of Windows
#

---------------  S U M M A R Y ------------

Command Line: org.jetbrains.git4idea.http.GitAskPassApp Username for 'https://github.com': 

Host: Intel(R) Core(TM) i7-7500U CPU @ 2.70GHz, 4 cores, 7G,  Windows 10 , 64 bit Build 18362 (10.0.18362.1350)
Time: Fri Jun 25 01:31:29 2021 Eastern Summer Time elapsed time: 0.025051 seconds (0d 0h 0m 0s)

---------------  T H R E A D  ---------------

Current thread (0x0000016e21c0e800):  JavaThread "Unknown thread" [_thread_in_vm, id=8664, stack(0x0000003700600000,0x0000003700700000)]

Stack: [0x0000003700600000,0x0000003700700000]
Native frames: (J=compiled Java code, j=interpreted, Vv=VM code, C=native code)
V  [jvm.dll+0x5f84fa]
V  [jvm.dll+0x77e085]
V  [jvm.dll+0x77f5dd]
V  [jvm.dll+0x77fc93]
V  [jvm.dll+0x2457e8]
V  [jvm.dll+0x5f58f4]
V  [jvm.dll+0x5ea975]
V  [jvm.dll+0x30228b]
V  [jvm.dll+0x3021fa]
V  [jvm.dll+0x3020d2]
V  [jvm.dll+0x306fb6]
V  [jvm.dll+0x34f843]
V  [jvm.dll+0x34ff46]
V  [jvm.dll+0x34f943]
V  [jvm.dll+0x2dbcb8]
V  [jvm.dll+0x2dce57]
V  [jvm.dll+0x75c4d7]
V  [jvm.dll+0x75dd6c]
V  [jvm.dll+0x35cdb9]
V  [jvm.dll+0x73fc9e]
V  [jvm.dll+0x3c5663]
V  [jvm.dll+0x3c7a21]
C  [jli.dll+0x5373]
C  [ucrtbase.dll+0x210b2]
C  [KERNEL32.DLL+0x17c24]
C  [ntdll.dll+0x6d721]


---------------  P R O C E S S  ---------------

Threads class SMR info:
_java_thread_list=0x0000016e1fa990a0, length=0, elements={
}

Java Threads: ( => current thread )

Other Threads:
  0x0000016e21c28000 GCTaskThread "GC Thread#0" [stack: 0x0000003700700000,0x0000003700800000] [id=3248]
  0x0000016e21c58000 ConcurrentGCThread "G1 Main Marker" [stack: 0x0000003700800000,0x0000003700900000] [id=9020]
  0x0000016e21c59800 ConcurrentGCThread "G1 Conc#0" [stack: 0x0000003700900000,0x0000003700a00000] [id=10464]

[error occurred during error reporting (printing all threads), id 0xc0000005, EXCEPTION_ACCESS_VIOLATION (0xc0000005) at pc=0x00007ff9bbabc437]

VM state:not at safepoint (not fully initialized)

VM Mutex/Monitor currently owned by a thread:  ([mutex/lock_event])
[0x0000016e21c0d4d0] Heap_lock - owner thread: 0x0000016e21c0e800

Heap address: 0x0000000087e00000, size: 1922 MB, Compressed Oops mode: Non-zero based: 0x0000000087e00000
Narrow klass base: 0x0000000000000000, Narrow klass shift: 0

GC Heap History (0 events):
No events

Deoptimization events (0 events):
No events

Classes redefined (0 events):
No events

Internal exceptions (0 events):
No events

Events (1 events):
Event: 0.010 Loaded shared library E:\Program Files\JetBrains\PyCharm Community Edition 2021.1.1\jbr\bin\zip.dll


Dynamic libraries:
0x00007ff680a70000 - 0x00007ff680a7a000 	E:\Program Files\JetBrains\PyCharm Community Edition 2021.1.1\jbr\bin\java.exe
0x00007ffa2eba0000 - 0x00007ffa2ed90000 	C:\WINDOWS\SYSTEM32\ntdll.dll
0x00007ffa2d560000 - 0x00007ffa2d612000 	C:\WINDOWS\System32\KERNEL32.DLL
0x00007ffa2c5e0000 - 0x00007ffa2c885000 	C:\WINDOWS\System32\KERNELBASE.dll
0x00007ffa2c890000 - 0x00007ffa2c98a000 	C:\WINDOWS\System32\ucrtbase.dll
0x00007ff9b32c0000 - 0x00007ff9b32d7000 	E:\Program Files\JetBrains\PyCharm Community Edition 2021.1.1\jbr\bin\VCRUNTIME140.dll
0x00007ff9b3ec0000 - 0x00007ff9b3ed9000 	E:\Program Files\JetBrains\PyCharm Community Edition 2021.1.1\jbr\bin\jli.dll
0x00007ffa2e370000 - 0x00007ffa2e504000 	C:\WINDOWS\System32\USER32.dll
0x00007ffa2ca30000 - 0x00007ffa2ca51000 	C:\WINDOWS\System32\win32u.dll
0x00007ffa1cb60000 - 0x00007ffa1cde4000 	C:\WINDOWS\WinSxS\amd64_microsoft.windows.common-controls_6595b64144ccf1df_6.0.18362.1440_none_9e7dbfb9e45e8e67\COMCTL32.dll
0x00007ffa2ea90000 - 0x00007ffa2eb2e000 	C:\WINDOWS\System32\msvcrt.dll
0x00007ffa2cc50000 - 0x00007ffa2cf86000 	C:\WINDOWS\System32\combase.dll
0x00007ffa2e710000 - 0x00007ffa2e82f000 	C:\WINDOWS\System32\RPCRT4.dll
0x00007ffa2eb30000 - 0x00007ffa2eb56000 	C:\WINDOWS\System32\GDI32.dll
0x00007ffa2cbc0000 - 0x00007ffa2cc41000 	C:\WINDOWS\System32\bcryptPrimitives.dll
0x00007ffa2c3a0000 - 0x00007ffa2c538000 	C:\WINDOWS\System32\gdi32full.dll
0x00007ffa2c540000 - 0x00007ffa2c5de000 	C:\WINDOWS\System32\msvcp_win.dll
0x00007ffa2e9f0000 - 0x00007ffa2ea1e000 	C:\WINDOWS\System32\IMM32.DLL
0x00007ff9b2160000 - 0x00007ff9b21fd000 	E:\Program Files\JetBrains\PyCharm Community Edition 2021.1.1\jbr\bin\msvcp140.dll
0x00007ff9bb7d0000 - 0x00007ff9bc31f000 	E:\Program Files\JetBrains\PyCharm Community Edition 2021.1.1\jbr\bin\server\jvm.dll
0x00007ffa2d620000 - 0x00007ffa2d6c3000 	C:\WINDOWS\System32\ADVAPI32.dll
0x00007ffa2e510000 - 0x00007ffa2e5a7000 	C:\WINDOWS\System32\sechost.dll
0x00007ffa2e650000 - 0x00007ffa2e658000 	C:\WINDOWS\System32\PSAPI.DLL
0x00007ffa27380000 - 0x00007ffa27389000 	C:\WINDOWS\SYSTEM32\WSOCK32.dll
0x00007ffa2ea20000 - 0x00007ffa2ea8f000 	C:\WINDOWS\System32\WS2_32.dll
0x00007ffa276c0000 - 0x00007ffa276e4000 	C:\WINDOWS\SYSTEM32\WINMM.dll
0x00007ffa1e600000 - 0x00007ffa1e60a000 	C:\WINDOWS\SYSTEM32\VERSION.dll
0x00007ffa27690000 - 0x00007ffa276bd000 	C:\WINDOWS\SYSTEM32\WINMMBASE.dll
0x00007ffa2c9e0000 - 0x00007ffa2ca2a000 	C:\WINDOWS\System32\cfgmgr32.dll
0x00007ffa2bab0000 - 0x00007ffa2bac1000 	C:\WINDOWS\System32\kernel.appcore.dll
0x00007ffa12ab0000 - 0x00007ffa12ac1000 	E:\Program Files\JetBrains\PyCharm Community Edition 2021.1.1\jbr\bin\verify.dll
0x00007ffa2a320000 - 0x00007ffa2a514000 	C:\WINDOWS\SYSTEM32\DBGHELP.DLL
0x00007ffa1ab20000 - 0x00007ffa1ab4a000 	C:\WINDOWS\SYSTEM32\dbgcore.DLL
0x00007ffa11880000 - 0x00007ffa118a9000 	E:\Program Files\JetBrains\PyCharm Community Edition 2021.1.1\jbr\bin\java.dll
0x00007ffa27370000 - 0x00007ffa2737b000 	E:\Program Files\JetBrains\PyCharm Community Edition 2021.1.1\jbr\bin\jimage.dll
0x00007ffa10990000 - 0x00007ffa109a8000 	E:\Program Files\JetBrains\PyCharm Community Edition 2021.1.1\jbr\bin\zip.dll

dbghelp: loaded successfully - version: 4.0.5 - missing functions: none
symbol engine: initialized successfully - sym options: 0x614 - pdb path: .;E:\Program Files\JetBrains\PyCharm Community Edition 2021.1.1\jbr\bin;C:\WINDOWS\SYSTEM32;C:\WINDOWS\WinSxS\amd64_microsoft.windows.common-controls_6595b64144ccf1df_6.0.18362.1440_none_9e7dbfb9e45e8e67;E:\Program Files\JetBrains\PyCharm Community Edition 2021.1.1\jbr\bin\server

VM Arguments:
java_command: org.jetbrains.git4idea.http.GitAskPassApp Username for 'https://github.com': 
java_class_path (initial): E:/Program Files/JetBrains/PyCharm Community Edition 2021.1.1/plugins/git4idea/lib/git4idea-rt.jar;E:/Program Files/JetBrains/PyCharm Community Edition 2021.1.1/lib/xmlrpc-2.0.1.jar;E:/Program Files/JetBrains/PyCharm Community Edition 2021.1.1/lib/commons-codec-1.15.jar
Launcher Type: SUN_STANDARD

[Global flags]
     intx CICompilerCount                          = 3                                         {product} {ergonomic}
     uint ConcGCThreads                            = 1                                         {product} {ergonomic}
     uint G1ConcRefinementThreads                  = 4                                         {product} {ergonomic}
   size_t G1HeapRegionSize                         = 1048576                                   {product} {ergonomic}
    uintx GCDrainStackTargetSize                   = 64                                        {product} {ergonomic}
   size_t InitialHeapSize                          = 127926272                                 {product} {ergonomic}
   size_t MarkStackSize                            = 4194304                                   {product} {ergonomic}
   size_t MaxHeapSize                              = 2015363072                                {product} {ergonomic}
   size_t MinHeapDeltaBytes                        = 1048576                                   {product} {ergonomic}
    uintx NonNMethodCodeHeapSize                   = 5830732                                {pd product} {ergonomic}
    uintx NonProfiledCodeHeapSize                  = 122913754                              {pd product} {ergonomic}
    uintx ProfiledCodeHeapSize                     = 122913754                              {pd product} {ergonomic}
    uintx ReservedCodeCacheSize                    = 251658240                              {pd product} {ergonomic}
     bool SegmentedCodeCache                       = true                                      {product} {ergonomic}
     bool UseCompressedClassPointers               = true                                 {lp64_product} {ergonomic}
     bool UseCompressedOops                        = true                                 {lp64_product} {ergonomic}
     bool UseG1GC                                  = true                                      {product} {ergonomic}
     bool UseLargePagesIndividualAllocation        = false                                  {pd product} {ergonomic}

Logging:
Log output configuration:
 #0: stdout all=warning uptime,level,tags
 #1: stderr all=off uptime,level,tags

Environment Variables:
JAVA_HOME=C:\Program Files (x86)\Java\jdk-13.0.1
CLASSPATH=.;C:\JUnit;C:\JUnit\junit-4.10.jar;%JAVA_HOME\lib;C:\Program Files (x86)\Java\jdk-13.0.1\lib\dt.jar;C:\Program Files (x86)\Java\jdk-13.0.1\lib\tools.jar
PATH=C:/Program Files/Git/mingw64/libexec/git-core;C:/Program Files/Git/mingw64/libexec/git-core;C:\Program Files\Git\mingw64\bin;C:\Program Files\Git\usr\bin;C:\Users\admin\bin;.;C:\Gradle\gradle-6.7.1\bin;C:\Program Files (x86)\Java\jdk-13.0.1\bin;C:\Program Files (x86)\Java\jre1.8.0_231\bin;C:\Program Files (x86)\Common Files\Oracle\Java\javapath;C:\WINDOWS\system32;C:\WINDOWS;C:\WINDOWS\System32\Wbem;C:\WINDOWS\System32\WindowsPowerShell\v1.0\;C:\WINDOWS\System32\OpenSSH\;C:\mingw\mingw32\bin;C:\Program Files\Pandoc\;C:\ProgramData\chocolatey\bin;D:\Program Files\MATLAB\R2021a\bin;E:\Program Files\MATLAB\MATLAB Compiler Runtime\v84\runtime\win64;C:\Program Files (x86)\Intel\Intel(R) Management Engine Components\DAL;C:\Program Files\Intel\Intel(R) Management Engine Components\DAL;E:\Program Files\MATLAB\MATLAB Compiler Runtime\v83\runtime\win64;C:\Program Files\Git\cmd;C:\Program Files\MySQL\MySQL Shell 8.0\bin\;C:\cygwin\bin;C:\Anaconda3\bin;C:\Anaconda3\condabin;C:\Program Files (x86)\PerkinElmerInformatics\ChemOffice2016\ChemScript\Lib;C:\Users\admin\AppData\Local\Microsoft\WindowsApps;C:\Java\jdk-12.0.1\bin;C:\Users\admin\AppData\Local\Microsoft\WindowsApps;E:\Program Files\JetBrains\IntelliJ IDEA Community Edition 2021.1.2\bin;C:\mingw\bin;C:\Users\admin\anaconda3;C:\Users\admin\anaconda3\Scripts;C:\Users\admin\AppData\Roaming\TinyTeX\bin\win32;E:\Program Files\JetBrains\PyCharm Community Edition 2021.1.1\bin;C:\Users\admin\AppData\Local\Programs\Microsoft VS Code\bin
USERNAME=admin
DISPLAY=:0.0
LC_ALL=en_US.UTF-8
OS=Windows_NT
PROCESSOR_IDENTIFIER=Intel64 Family 6 Model 142 Stepping 9, GenuineIntel



---------------  S Y S T E M  ---------------

OS: Windows 10 , 64 bit Build 18362 (10.0.18362.1350)
OS uptime: 0 days 12:09 hours
Hyper-V role detected

CPU:total 4 (initial active 4) (2 cores per cpu, 2 threads per core) family 6 model 142 stepping 9 microcode 0xde, cmov, cx8, fxsr, mmx, sse, sse2, sse3, ssse3, sse4.1, sse4.2, popcnt, avx, avx2, aes, clmul, erms, 3dnowpref, lzcnt, ht, tsc, tscinvbit, bmi1, bmi2, adx, fma

Memory: 4k page, system-wide physical 7686M (1528M free)
TotalPageFile size 14638M (AvailPageFile size 67M)
current process WorkingSet (physical memory assigned to process): 10M, peak: 10M
current process commit charge ("private bytes"): 51M, peak: 173M

vm_info: Dynamic Code Evolution 64-Bit Server VM (11.0.10+9-b1341.41) for windows-amd64 JRE (11.0.10+9-b1341.41), built on Apr 17 2021 07:18:15 by "" with MS VC++ 14.0 (VS2015)

END.
